Assuming unrestricted shared filesystem usage.
host: Codys-MacBook-Pro.local
Building DAG of jobs...
Using shell: /bin/bash
Provided cores: 6
Rules claiming more threads will be scaled down.
Job stats:
job                       count
----------------------  -------
Filtlong_qc_long_reads        1
all                           1
total                         2

Select jobs to execute...
Execute 1 jobs...
[Fri Nov 28 10:37:05 2025]
localrule Filtlong_qc_long_reads:
    input: raw_sequencing_reads/20240419-Cody-BpSCSK_long.fastq.gz
    output: results/20240419-Cody/BpSCSK/qc/Filtlong/BpSCSK_long_clean.fastq.gz
    log: results/20240419-Cody/BpSCSK/logs/BpSCSK_Filtlong.log
    jobid: 2
    reason: Missing output files: results/20240419-Cody/BpSCSK/qc/Filtlong/BpSCSK_long_clean.fastq.gz
    threads: 4
    resources: tmpdir=/var/folders/cd/bcwbsqjx6mx4y7gq66n0mdm80000gn/T
[Fri Nov 28 10:42:03 2025]
Finished jobid: 2 (Rule: Filtlong_qc_long_reads)
1 of 2 steps (50%) done
Select jobs to execute...
Execute 1 jobs...
[Fri Nov 28 10:42:03 2025]
localrule all:
    input: results/20240419-Cody/BpSCSK/qc/fastp/BpSCSK_R1_clean.fastq.gz, results/20240419-Cody/BpSCSK/qc/fastp/BpSCSK_R2_clean.fastq.gz, results/20240419-Cody/BpSCSK/logs/BpSCSK_fastp_report.html, results/20240419-Cody/BpSCSK/logs/BpSCSK_fastp_report.json, results/20240419-Cody/BpSCSK/qc/Filtlong/BpSCSK_long_clean.fastq.gz
    jobid: 0
    reason: Input files updated by another job: results/20240419-Cody/BpSCSK/qc/Filtlong/BpSCSK_long_clean.fastq.gz
    resources: tmpdir=/var/folders/cd/bcwbsqjx6mx4y7gq66n0mdm80000gn/T
[Fri Nov 28 10:42:03 2025]
Finished jobid: 0 (Rule: all)
2 of 2 steps (100%) done
Complete log(s): /Users/codycole/github/bacterial_genome_pipeline/.snakemake/log/2025-11-28T103705.375755.snakemake.log
