Assuming unrestricted shared filesystem usage.
host: MacBook-Pro-4.local
Building DAG of jobs...
Using shell: /bin/bash
Provided cores: 4
Rules claiming more threads will be scaled down.
Job stats:
job                                count
-------------------------------  -------
Autocycler_hybrid_assembly             2
Filtlong_qc_long_reads                 2
all                                    1
fastp_qc_short_reads                   1
polypolish_short_read_polishing        3
total                                  9

Select jobs to execute...
Failed to solve scheduling problem with ILP solver, falling back to greedy scheduler. You likely have to fix your ILP solver installation. Error message: PULP_CBC_CMD: Not Available (check permissions on cbc)
Execute 1 jobs...
[Thu Mar 19 16:33:09 2026]
localrule fastp_qc_short_reads:
    input: raw_sequencing_reads/SRR15171330_1.fastq.gz, raw_sequencing_reads/SRR15171330_2.fastq.gz
    output: results/20220601-PRJNA746600/Acidaminococcus_intestini_D21/qc/fastp/Acidaminococcus_intestini_D21_R1_clean.fastq.gz, results/20220601-PRJNA746600/Acidaminococcus_intestini_D21/qc/fastp/Acidaminococcus_intestini_D21_R2_clean.fastq.gz, results/20220601-PRJNA746600/Acidaminococcus_intestini_D21/qc/fastp/Acidaminococcus_intestini_D21_R1_unpaired.fastq.gz, results/20220601-PRJNA746600/Acidaminococcus_intestini_D21/qc/fastp/Acidaminococcus_intestini_D21_R2_unpaired.fastq.gz, results/20220601-PRJNA746600/Acidaminococcus_intestini_D21/logs/Acidaminococcus_intestini_D21_fastp_report.html, results/20220601-PRJNA746600/Acidaminococcus_intestini_D21/logs/Acidaminococcus_intestini_D21_fastp_report.json
    log: results/20220601-PRJNA746600/Acidaminococcus_intestini_D21/logs/Acidaminococcus_intestini_D21_fastp.log
    jobid: 1
    reason: Missing output files: results/20220601-PRJNA746600/Acidaminococcus_intestini_D21/logs/Acidaminococcus_intestini_D21_fastp_report.html, results/20220601-PRJNA746600/Acidaminococcus_intestini_D21/qc/fastp/Acidaminococcus_intestini_D21_R2_clean.fastq.gz, results/20220601-PRJNA746600/Acidaminococcus_intestini_D21/qc/fastp/Acidaminococcus_intestini_D21_R1_clean.fastq.gz, results/20220601-PRJNA746600/Acidaminococcus_intestini_D21/logs/Acidaminococcus_intestini_D21_fastp_report.json
    wildcards: library_ID=20220601-PRJNA746600, sample=Acidaminococcus_intestini_D21
    threads: 4
    resources: tmpdir=/var/folders/cd/bcwbsqjx6mx4y7gq66n0mdm80000gn/T
Select jobs to execute...
[Thu Mar 19 16:33:47 2026]
Finished jobid: 1 (Rule: fastp_qc_short_reads)
1 of 9 steps (11%) done
Execute 1 jobs...
[Thu Mar 19 16:33:47 2026]
localrule polypolish_short_read_polishing:
    input: results/20240419-Cody/BpSCSK/assembly/Autocycler/autocycler_out/consensus_assembly.fasta, results/20240419-Cody/BpSCSK/qc/fastp/BpSCSK_R1_clean.fastq.gz, results/20240419-Cody/BpSCSK/qc/fastp/BpSCSK_R2_clean.fastq.gz
    output: results/20240419-Cody/BpSCSK/qc/Polypolish/BpSCSK_R1_alignment.sam, results/20240419-Cody/BpSCSK/qc/Polypolish/BpSCSK_R2_alignment.sam, results/20240419-Cody/BpSCSK/qc/Polypolish/BpSCSK_R1_alignment_filtered.sam, results/20240419-Cody/BpSCSK/qc/Polypolish/BpSCSK_R2_alignment_filtered.sam, results/20240419-Cody/BpSCSK/qc/Polypolish/BpSCSK_polypolish.fasta
    log: results/20240419-Cody/BpSCSK/logs/BpSCSK_Polypolish.log
    jobid: 10
    reason: Code has changed since last execution
    wildcards: library_ID=20240419-Cody, sample=BpSCSK
    threads: 4
    resources: tmpdir=/var/folders/cd/bcwbsqjx6mx4y7gq66n0mdm80000gn/T
Select jobs to execute...
[Thu Mar 19 17:02:11 2026]
Finished jobid: 10 (Rule: polypolish_short_read_polishing)
2 of 9 steps (22%) done
Execute 1 jobs...
[Thu Mar 19 17:02:11 2026]
localrule Filtlong_qc_long_reads:
    input: raw_sequencing_reads/20240419-Cody-BpKH6_long.fastq.gz
    output: results/20240419-Cody/BpKH6/qc/Filtlong/BpKH6_long_clean.fastq.gz
    log: results/20240419-Cody/BpKH6/logs/BpKH6_Filtlong.log
    jobid: 5
    reason: Code has changed since last execution
    wildcards: library_ID=20240419-Cody, sample=BpKH6
    threads: 4
    resources: tmpdir=/var/folders/cd/bcwbsqjx6mx4y7gq66n0mdm80000gn/T
Select jobs to execute...
[Thu Mar 19 17:03:49 2026]
Finished jobid: 5 (Rule: Filtlong_qc_long_reads)
3 of 9 steps (33%) done
Execute 1 jobs...
[Thu Mar 19 17:03:49 2026]
localrule Autocycler_hybrid_assembly:
    input: results/20240419-Cody/BpKH6/qc/Filtlong/BpKH6_long_clean.fastq.gz
    output: results/20240419-Cody/BpKH6/assembly/Autocycler/autocycler_out/consensus_assembly.fasta
    log: results/20240419-Cody/BpKH6/logs/BpKH6_Autocycler.log
    jobid: 8
    reason: Input files updated by another job: results/20240419-Cody/BpKH6/qc/Filtlong/BpKH6_long_clean.fastq.gz
    wildcards: library_ID=20240419-Cody, sample=BpKH6
    threads: 4
    resources: tmpdir=/var/folders/cd/bcwbsqjx6mx4y7gq66n0mdm80000gn/T
Select jobs to execute...
[Fri Mar 20 11:51:56 2026]
Finished jobid: 8 (Rule: Autocycler_hybrid_assembly)
4 of 9 steps (44%) done
Execute 1 jobs...
[Fri Mar 20 11:51:56 2026]
localrule polypolish_short_read_polishing:
    input: results/20240419-Cody/BpKH6/assembly/Autocycler/autocycler_out/consensus_assembly.fasta, results/20240419-Cody/BpKH6/qc/fastp/BpKH6_R1_clean.fastq.gz, results/20240419-Cody/BpKH6/qc/fastp/BpKH6_R2_clean.fastq.gz
    output: results/20240419-Cody/BpKH6/qc/Polypolish/BpKH6_R1_alignment.sam, results/20240419-Cody/BpKH6/qc/Polypolish/BpKH6_R2_alignment.sam, results/20240419-Cody/BpKH6/qc/Polypolish/BpKH6_R1_alignment_filtered.sam, results/20240419-Cody/BpKH6/qc/Polypolish/BpKH6_R2_alignment_filtered.sam, results/20240419-Cody/BpKH6/qc/Polypolish/BpKH6_polypolish.fasta
    log: results/20240419-Cody/BpKH6/logs/BpKH6_Polypolish.log
    jobid: 11
    reason: Input files updated by another job: results/20240419-Cody/BpKH6/assembly/Autocycler/autocycler_out/consensus_assembly.fasta
    wildcards: library_ID=20240419-Cody, sample=BpKH6
    threads: 4
    resources: tmpdir=/var/folders/cd/bcwbsqjx6mx4y7gq66n0mdm80000gn/T
Select jobs to execute...
[Fri Mar 20 14:03:14 2026]
Finished jobid: 11 (Rule: polypolish_short_read_polishing)
5 of 9 steps (56%) done
Execute 1 jobs...
[Fri Mar 20 14:03:14 2026]
localrule Filtlong_qc_long_reads:
    input: raw_sequencing_reads/SRR15171169.fastq.gz
    output: results/20220601-PRJNA746600/Acidaminococcus_intestini_D21/qc/Filtlong/Acidaminococcus_intestini_D21_long_clean.fastq.gz
    log: results/20220601-PRJNA746600/Acidaminococcus_intestini_D21/logs/Acidaminococcus_intestini_D21_Filtlong.log
    jobid: 4
    reason: Missing output files: results/20220601-PRJNA746600/Acidaminococcus_intestini_D21/qc/Filtlong/Acidaminococcus_intestini_D21_long_clean.fastq.gz
    wildcards: library_ID=20220601-PRJNA746600, sample=Acidaminococcus_intestini_D21
    threads: 4
    resources: tmpdir=/var/folders/cd/bcwbsqjx6mx4y7gq66n0mdm80000gn/T
[Fri Mar 20 14:03:40 2026]
Finished jobid: 4 (Rule: Filtlong_qc_long_reads)
6 of 9 steps (67%) done
Select jobs to execute...
Execute 1 jobs...
[Fri Mar 20 14:03:40 2026]
localrule Autocycler_hybrid_assembly:
    input: results/20220601-PRJNA746600/Acidaminococcus_intestini_D21/qc/Filtlong/Acidaminococcus_intestini_D21_long_clean.fastq.gz
    output: results/20220601-PRJNA746600/Acidaminococcus_intestini_D21/assembly/Autocycler/autocycler_out/consensus_assembly.fasta
    log: results/20220601-PRJNA746600/Acidaminococcus_intestini_D21/logs/Acidaminococcus_intestini_D21_Autocycler.log
    jobid: 6
    reason: Missing output files: results/20220601-PRJNA746600/Acidaminococcus_intestini_D21/assembly/Autocycler/autocycler_out/consensus_assembly.fasta; Input files updated by another job: results/20220601-PRJNA746600/Acidaminococcus_intestini_D21/qc/Filtlong/Acidaminococcus_intestini_D21_long_clean.fastq.gz
    wildcards: library_ID=20220601-PRJNA746600, sample=Acidaminococcus_intestini_D21
    threads: 4
    resources: tmpdir=/var/folders/cd/bcwbsqjx6mx4y7gq66n0mdm80000gn/T
[Fri Mar 20 23:58:06 2026]
Finished jobid: 6 (Rule: Autocycler_hybrid_assembly)
7 of 9 steps (78%) done
Select jobs to execute...
Execute 1 jobs...
[Fri Mar 20 23:58:06 2026]
localrule polypolish_short_read_polishing:
    input: results/20220601-PRJNA746600/Acidaminococcus_intestini_D21/assembly/Autocycler/autocycler_out/consensus_assembly.fasta, results/20220601-PRJNA746600/Acidaminococcus_intestini_D21/qc/fastp/Acidaminococcus_intestini_D21_R1_clean.fastq.gz, results/20220601-PRJNA746600/Acidaminococcus_intestini_D21/qc/fastp/Acidaminococcus_intestini_D21_R2_clean.fastq.gz
    output: results/20220601-PRJNA746600/Acidaminococcus_intestini_D21/qc/Polypolish/Acidaminococcus_intestini_D21_R1_alignment.sam, results/20220601-PRJNA746600/Acidaminococcus_intestini_D21/qc/Polypolish/Acidaminococcus_intestini_D21_R2_alignment.sam, results/20220601-PRJNA746600/Acidaminococcus_intestini_D21/qc/Polypolish/Acidaminococcus_intestini_D21_R1_alignment_filtered.sam, results/20220601-PRJNA746600/Acidaminococcus_intestini_D21/qc/Polypolish/Acidaminococcus_intestini_D21_R2_alignment_filtered.sam, results/20220601-PRJNA746600/Acidaminococcus_intestini_D21/qc/Polypolish/Acidaminococcus_intestini_D21_polypolish.fasta
    log: results/20220601-PRJNA746600/Acidaminococcus_intestini_D21/logs/Acidaminococcus_intestini_D21_Polypolish.log
    jobid: 9
    reason: Missing output files: results/20220601-PRJNA746600/Acidaminococcus_intestini_D21/qc/Polypolish/Acidaminococcus_intestini_D21_polypolish.fasta; Input files updated by another job: results/20220601-PRJNA746600/Acidaminococcus_intestini_D21/assembly/Autocycler/autocycler_out/consensus_assembly.fasta, results/20220601-PRJNA746600/Acidaminococcus_intestini_D21/qc/fastp/Acidaminococcus_intestini_D21_R1_clean.fastq.gz, results/20220601-PRJNA746600/Acidaminococcus_intestini_D21/qc/fastp/Acidaminococcus_intestini_D21_R2_clean.fastq.gz
    wildcards: library_ID=20220601-PRJNA746600, sample=Acidaminococcus_intestini_D21
    threads: 4
    resources: tmpdir=/var/folders/cd/bcwbsqjx6mx4y7gq66n0mdm80000gn/T
[Sat Mar 21 01:18:12 2026]
Finished jobid: 9 (Rule: polypolish_short_read_polishing)
8 of 9 steps (89%) done
Select jobs to execute...
Execute 1 jobs...
[Sat Mar 21 01:18:12 2026]
localrule all:
    input: results/20220601-PRJNA746600/Acidaminococcus_intestini_D21/qc/fastp/Acidaminococcus_intestini_D21_R1_clean.fastq.gz, results/20240419-Cody/BpSCSK/qc/fastp/BpSCSK_R1_clean.fastq.gz, results/20240419-Cody/BpKH6/qc/fastp/BpKH6_R1_clean.fastq.gz, results/20220601-PRJNA746600/Acidaminococcus_intestini_D21/qc/fastp/Acidaminococcus_intestini_D21_R2_clean.fastq.gz, results/20240419-Cody/BpSCSK/qc/fastp/BpSCSK_R2_clean.fastq.gz, results/20240419-Cody/BpKH6/qc/fastp/BpKH6_R2_clean.fastq.gz, results/20220601-PRJNA746600/Acidaminococcus_intestini_D21/logs/Acidaminococcus_intestini_D21_fastp_report.html, results/20240419-Cody/BpSCSK/logs/BpSCSK_fastp_report.html, results/20240419-Cody/BpKH6/logs/BpKH6_fastp_report.html, results/20220601-PRJNA746600/Acidaminococcus_intestini_D21/logs/Acidaminococcus_intestini_D21_fastp_report.json, results/20240419-Cody/BpSCSK/logs/BpSCSK_fastp_report.json, results/20240419-Cody/BpKH6/logs/BpKH6_fastp_report.json, results/20220601-PRJNA746600/Acidaminococcus_intestini_D21/qc/Filtlong/Acidaminococcus_intestini_D21_long_clean.fastq.gz, results/20240419-Cody/BpSCSK/qc/Filtlong/BpSCSK_long_clean.fastq.gz, results/20240419-Cody/BpKH6/qc/Filtlong/BpKH6_long_clean.fastq.gz, results/20220601-PRJNA746600/Acidaminococcus_intestini_D21/assembly/Autocycler/autocycler_out/consensus_assembly.fasta, results/20240419-Cody/BpSCSK/assembly/Autocycler/autocycler_out/consensus_assembly.fasta, results/20240419-Cody/BpKH6/assembly/Autocycler/autocycler_out/consensus_assembly.fasta, results/20220601-PRJNA746600/Acidaminococcus_intestini_D21/qc/Polypolish/Acidaminococcus_intestini_D21_polypolish.fasta, results/20240419-Cody/BpSCSK/qc/Polypolish/BpSCSK_polypolish.fasta, results/20240419-Cody/BpKH6/qc/Polypolish/BpKH6_polypolish.fasta
    jobid: 0
    reason: Input files updated by another job: results/20220601-PRJNA746600/Acidaminococcus_intestini_D21/qc/Filtlong/Acidaminococcus_intestini_D21_long_clean.fastq.gz, results/20240419-Cody/BpKH6/qc/Filtlong/BpKH6_long_clean.fastq.gz, results/20240419-Cody/BpKH6/qc/Polypolish/BpKH6_polypolish.fasta, results/20220601-PRJNA746600/Acidaminococcus_intestini_D21/qc/fastp/Acidaminococcus_intestini_D21_R2_clean.fastq.gz, results/20220601-PRJNA746600/Acidaminococcus_intestini_D21/qc/Polypolish/Acidaminococcus_intestini_D21_polypolish.fasta, results/20220601-PRJNA746600/Acidaminococcus_intestini_D21/logs/Acidaminococcus_intestini_D21_fastp_report.html, results/20220601-PRJNA746600/Acidaminococcus_intestini_D21/assembly/Autocycler/autocycler_out/consensus_assembly.fasta, results/20220601-PRJNA746600/Acidaminococcus_intestini_D21/qc/fastp/Acidaminococcus_intestini_D21_R1_clean.fastq.gz, results/20240419-Cody/BpKH6/assembly/Autocycler/autocycler_out/consensus_assembly.fasta, results/20240419-Cody/BpSCSK/qc/Polypolish/BpSCSK_polypolish.fasta, results/20220601-PRJNA746600/Acidaminococcus_intestini_D21/logs/Acidaminococcus_intestini_D21_fastp_report.json
    resources: tmpdir=/var/folders/cd/bcwbsqjx6mx4y7gq66n0mdm80000gn/T
[Sat Mar 21 01:18:12 2026]
Finished jobid: 0 (Rule: all)
9 of 9 steps (100%) done
Complete log(s): /Users/codycole/github/bacterial_genome_pipeline/.snakemake/log/2026-03-19T163308.924977.snakemake.log
