Assuming unrestricted shared filesystem usage.
host: MacBook-Pro-4.local
Building DAG of jobs...
Using shell: /bin/bash
Provided cores: 4
Rules claiming more threads will be scaled down.
Job stats:
job                                count
-------------------------------  -------
all                                    1
polypolish_short_read_polishing        1
total                                  2

Select jobs to execute...
Execute 1 jobs...
[Mon Mar  2 12:44:57 2026]
localrule polypolish_short_read_polishing:
    input: results/20240419-Cody/BpSCSK/assembly/Autocycler/autocycler_out/consensus_assembly.fasta, results/20240419-Cody/BpSCSK/qc/fastp/BpSCSK_R1_clean.fastq.gz, results/20240419-Cody/BpSCSK/qc/fastp/BpSCSK_R2_clean.fastq.gz
    output: results/20240419-Cody/BpSCSK/qc/Polypolish/BpSCSK_R1_alignment.sam, results/20240419-Cody/BpSCSK/qc/Polypolish/BpSCSK_R2_alignment.sam, results/20240419-Cody/BpSCSK/qc/Polypolish/BpSCSK_R1_alignment_filtered.sam, results/20240419-Cody/BpSCSK/qc/Polypolish/BpSCSK_R2_alignment_filtered.sam, results/20240419-Cody/BpSCSK/qc/Polypolish/BpSCSK_polypolish.fasta
    log: results/20240419-Cody/BpSCSK/logs/BpSCSK_Polypolish.log
    jobid: 3
    reason: Missing output files: results/20240419-Cody/BpSCSK/qc/Polypolish/BpSCSK_polypolish.fasta
    threads: 4
    resources: tmpdir=/var/folders/cd/bcwbsqjx6mx4y7gq66n0mdm80000gn/T
RuleException:
CalledProcessError in file "/Users/codycole/github/bacterial_genome_pipeline/Snakefile", line 68:
Command 'set -euo pipefail;  
        mkdir -p results/20240419-Cody/BpSCSK/qc/Polypolish

        bwa-mem2 index results/20240419-Cody/BpSCSK/assembly/Autocycler/autocycler_out/consensus_assembly.fasta

        bwa-mem2 mem -t 4 -a results/20240419-Cody/BpSCSK/assembly/Autocycler/autocycler_out/consensus_assembly.fasta results/20240419-Cody/BpSCSK/qc/fastp/BpSCSK_R1_clean.fastq.gz > results/20240419-Cody/BpSCSK/qc/Polypolish/BpSCSK_R1_alignment.sam
        bwa-mem2 mem -t 4 -a results/20240419-Cody/BpSCSK/assembly/Autocycler/autocycler_out/consensus_assembly.fasta results/20240419-Cody/BpSCSK/qc/fastp/BpSCSK_R2_clean.fastq.gz > results/20240419-Cody/BpSCSK/qc/Polypolish/BpSCSK_R2_alignment.sam
        polypolish filter --in1 results/20240419-Cody/BpSCSK/qc/Polypolish/BpSCSK_R1_alignment.sam --in2 results/20240419-Cody/BpSCSK/qc/Polypolish/BpSCSK_R2_alignment.sam --out1 results/20240419-Cody/BpSCSK/qc/Polypolish/BpSCSK_R1_alignment_filtered.sam --out2 results/20240419-Cody/BpSCSK/qc/Polypolish/BpSCSK_R2_alignment_filtered.sam
        polypolish polish results/20240419-Cody/BpSCSK/assembly/Autocycler/autocycler_out/consensus_assembly.fasta results/20240419-Cody/BpSCSK/qc/Polypolish/BpSCSK_R1_alignment_filtered.sam results/20240419-Cody/BpSCSK/qc/Polypolish/BpSCSK_R2_alignment_filtered.sam > results/20240419-Cody/BpSCSK/qc/Polypolish/BpSCSK_polypolish.fasta' returned non-zero exit status 127.
[Mon Mar  2 12:46:19 2026]
Error in rule polypolish_short_read_polishing:
    message: None
    jobid: 3
    input: results/20240419-Cody/BpSCSK/assembly/Autocycler/autocycler_out/consensus_assembly.fasta, results/20240419-Cody/BpSCSK/qc/fastp/BpSCSK_R1_clean.fastq.gz, results/20240419-Cody/BpSCSK/qc/fastp/BpSCSK_R2_clean.fastq.gz
    output: results/20240419-Cody/BpSCSK/qc/Polypolish/BpSCSK_R1_alignment.sam, results/20240419-Cody/BpSCSK/qc/Polypolish/BpSCSK_R2_alignment.sam, results/20240419-Cody/BpSCSK/qc/Polypolish/BpSCSK_R1_alignment_filtered.sam, results/20240419-Cody/BpSCSK/qc/Polypolish/BpSCSK_R2_alignment_filtered.sam, results/20240419-Cody/BpSCSK/qc/Polypolish/BpSCSK_polypolish.fasta
    log: results/20240419-Cody/BpSCSK/logs/BpSCSK_Polypolish.log (check log file(s) for error details)
    shell:
        
        mkdir -p results/20240419-Cody/BpSCSK/qc/Polypolish

        bwa-mem2 index results/20240419-Cody/BpSCSK/assembly/Autocycler/autocycler_out/consensus_assembly.fasta

        bwa-mem2 mem -t 4 -a results/20240419-Cody/BpSCSK/assembly/Autocycler/autocycler_out/consensus_assembly.fasta results/20240419-Cody/BpSCSK/qc/fastp/BpSCSK_R1_clean.fastq.gz > results/20240419-Cody/BpSCSK/qc/Polypolish/BpSCSK_R1_alignment.sam
        bwa-mem2 mem -t 4 -a results/20240419-Cody/BpSCSK/assembly/Autocycler/autocycler_out/consensus_assembly.fasta results/20240419-Cody/BpSCSK/qc/fastp/BpSCSK_R2_clean.fastq.gz > results/20240419-Cody/BpSCSK/qc/Polypolish/BpSCSK_R2_alignment.sam
        polypolish filter --in1 results/20240419-Cody/BpSCSK/qc/Polypolish/BpSCSK_R1_alignment.sam --in2 results/20240419-Cody/BpSCSK/qc/Polypolish/BpSCSK_R2_alignment.sam --out1 results/20240419-Cody/BpSCSK/qc/Polypolish/BpSCSK_R1_alignment_filtered.sam --out2 results/20240419-Cody/BpSCSK/qc/Polypolish/BpSCSK_R2_alignment_filtered.sam
        polypolish polish results/20240419-Cody/BpSCSK/assembly/Autocycler/autocycler_out/consensus_assembly.fasta results/20240419-Cody/BpSCSK/qc/Polypolish/BpSCSK_R1_alignment_filtered.sam results/20240419-Cody/BpSCSK/qc/Polypolish/BpSCSK_R2_alignment_filtered.sam > results/20240419-Cody/BpSCSK/qc/Polypolish/BpSCSK_polypolish.fasta
        
        (command exited with non-zero exit code)
Removing output files of failed job polypolish_short_read_polishing since they might be corrupted:
results/20240419-Cody/BpSCSK/qc/Polypolish/BpSCSK_R1_alignment.sam, results/20240419-Cody/BpSCSK/qc/Polypolish/BpSCSK_R2_alignment.sam
Shutting down, this might take some time.
Exiting because a job execution failed. Look below for error messages
[Mon Mar  2 12:46:19 2026]
Error in rule polypolish_short_read_polishing:
    message: None
    jobid: 3
    input: results/20240419-Cody/BpSCSK/assembly/Autocycler/autocycler_out/consensus_assembly.fasta, results/20240419-Cody/BpSCSK/qc/fastp/BpSCSK_R1_clean.fastq.gz, results/20240419-Cody/BpSCSK/qc/fastp/BpSCSK_R2_clean.fastq.gz
    output: results/20240419-Cody/BpSCSK/qc/Polypolish/BpSCSK_R1_alignment.sam, results/20240419-Cody/BpSCSK/qc/Polypolish/BpSCSK_R2_alignment.sam, results/20240419-Cody/BpSCSK/qc/Polypolish/BpSCSK_R1_alignment_filtered.sam, results/20240419-Cody/BpSCSK/qc/Polypolish/BpSCSK_R2_alignment_filtered.sam, results/20240419-Cody/BpSCSK/qc/Polypolish/BpSCSK_polypolish.fasta
    log: results/20240419-Cody/BpSCSK/logs/BpSCSK_Polypolish.log (check log file(s) for error details)
    shell:
        
        mkdir -p results/20240419-Cody/BpSCSK/qc/Polypolish

        bwa-mem2 index results/20240419-Cody/BpSCSK/assembly/Autocycler/autocycler_out/consensus_assembly.fasta

        bwa-mem2 mem -t 4 -a results/20240419-Cody/BpSCSK/assembly/Autocycler/autocycler_out/consensus_assembly.fasta results/20240419-Cody/BpSCSK/qc/fastp/BpSCSK_R1_clean.fastq.gz > results/20240419-Cody/BpSCSK/qc/Polypolish/BpSCSK_R1_alignment.sam
        bwa-mem2 mem -t 4 -a results/20240419-Cody/BpSCSK/assembly/Autocycler/autocycler_out/consensus_assembly.fasta results/20240419-Cody/BpSCSK/qc/fastp/BpSCSK_R2_clean.fastq.gz > results/20240419-Cody/BpSCSK/qc/Polypolish/BpSCSK_R2_alignment.sam
        polypolish filter --in1 results/20240419-Cody/BpSCSK/qc/Polypolish/BpSCSK_R1_alignment.sam --in2 results/20240419-Cody/BpSCSK/qc/Polypolish/BpSCSK_R2_alignment.sam --out1 results/20240419-Cody/BpSCSK/qc/Polypolish/BpSCSK_R1_alignment_filtered.sam --out2 results/20240419-Cody/BpSCSK/qc/Polypolish/BpSCSK_R2_alignment_filtered.sam
        polypolish polish results/20240419-Cody/BpSCSK/assembly/Autocycler/autocycler_out/consensus_assembly.fasta results/20240419-Cody/BpSCSK/qc/Polypolish/BpSCSK_R1_alignment_filtered.sam results/20240419-Cody/BpSCSK/qc/Polypolish/BpSCSK_R2_alignment_filtered.sam > results/20240419-Cody/BpSCSK/qc/Polypolish/BpSCSK_polypolish.fasta
        
        (command exited with non-zero exit code)
Complete log(s): /Users/codycole/github/bacterial_genome_pipeline/.snakemake/log/2026-03-02T124457.350561.snakemake.log
WorkflowError:
At least one job did not complete successfully.
